2026-01-05 17:48:16.833 INFO  c.k.katalon.core.main.TestSuiteExecutor  - START Test Suites/Stabilization Testing/stabilization_test_2ADL_1CNN
2026-01-05 17:48:16.956 INFO  c.k.katalon.core.main.TestSuiteExecutor  - userFullName = Johana Natali Gomez Munar
2026-01-05 17:48:16.957 INFO  c.k.katalon.core.main.TestSuiteExecutor  - projectName = Euromundo
2026-01-05 17:48:16.957 INFO  c.k.katalon.core.main.TestSuiteExecutor  - hostName = johana.gomez - CMANJGOMEZ2.JUNIPER
2026-01-05 17:48:16.958 INFO  c.k.katalon.core.main.TestSuiteExecutor  - os = Windows 11 64bit
2026-01-05 17:48:16.958 INFO  c.k.katalon.core.main.TestSuiteExecutor  - hostAddress = 192.168.0.35
2026-01-05 17:48:16.959 INFO  c.k.katalon.core.main.TestSuiteExecutor  - katalonVersion = 10.3.2.0
2026-01-05 17:48:17.168 INFO  c.k.k.c.keyword.builtin.CommentKeyword   - üìÅ Carpeta de capturas creada: C:/TempSourceSafe/Katalon Studio/Katalon Websites/Euromundo/Capturas/Test_Suites_Stabilization_Testing_stabilization_test_2ADL_1CNN_20260105_174817
2026-01-05 17:48:17.736 INFO  c.k.katalon.core.main.TestCaseExecutor   - --------------------
2026-01-05 17:48:17.736 INFO  c.k.katalon.core.main.TestCaseExecutor   - START Test Cases/Euromundo/Paquete_Basico/paquete_nal_para_1adl_1cnn_canal_mxn
2026-01-05 17:48:19.625 INFO  c.k.k.c.keyword.builtin.CommentKeyword   - üì¶ Versi√≥n de DLL detectada y guardada globalmente: 6.26.105.1
2026-01-05 17:48:19.627 INFO  k.k.c.m.CustomKeywordDelegatingMetaClass - utils.DLLUtils.getVersionDLL is PASSED
2026-01-05 17:48:19.633 INFO  c.k.k.c.keyword.builtin.CommentKeyword   - üåê TestCase: test cases/euromundo/paquete_basico/paquete_nal_para_1adl_1cnn_canal_mxn
2026-01-05 17:48:19.639 INFO  c.k.k.c.keyword.builtin.CommentKeyword   - üîó Dominio detectado: https://euromundomxn.juniper.es
2026-01-05 17:48:19.644 INFO  c.k.k.c.keyword.builtin.CommentKeyword   - üì¶ Versi√≥n de DLL: 6.26.105.1
2026-01-05 17:48:19.944 DEBUG t.paquete_nal_para_1adl_1cnn_canal_mxn   - 1: callTestCase(findTestCase("Euromundo/Login/Login_mxn"), [:], STOP_ON_FAILURE)
2026-01-05 17:48:20.041 INFO  c.k.katalon.core.main.TestCaseExecutor   - --------------------
2026-01-05 17:48:20.041 INFO  c.k.katalon.core.main.TestCaseExecutor   - CALL Test Cases/Euromundo/Login/Login_mxn
2026-01-05 17:48:20.146 DEBUG testcase.Login_mxn                       - 1: url = "https://euromundomxn.juniper.es"
2026-01-05 17:48:20.150 DEBUG testcase.Login_mxn                       - 2: openBrowser("https://euromundomxn.juniper.es")
2026-01-05 17:48:20.370 INFO  c.k.k.core.webui.driver.DriverFactory    - Starting 'Chrome' driver
2026-01-05 17:48:20.441 INFO  c.k.k.core.webui.driver.DriverFactory    - Action delay is set to 0 milliseconds
ene. 05, 2026 5:48:22 P.¬†M. org.openqa.selenium.devtools.CdpVersionFinder findNearestMatch
ADVERTENCIA: Unable to find CDP implementation matching 143
ene. 05, 2026 5:48:22 P.¬†M. org.openqa.selenium.chromium.ChromiumDriver lambda$new$4
ADVERTENCIA: Unable to find version of CDP to use for 143.0.7499.170. You may need to include a dependency on a specific version of the CDP using something similar to `org.seleniumhq.selenium:selenium-devtools-v86:4.28.1` where the version ("v86") matches the version of the chromium-based browser you're using and the version number of the artifact is the same as Selenium's.
2026-01-05 17:48:22.706 INFO  c.k.k.core.webui.driver.DriverFactory    - sessionId = 1e163dc1a4c900fca7e68cf5632b388c
2026-01-05 17:48:22.707 INFO  c.k.k.core.webui.driver.DriverFactory    - browser = Chrome 143.0.7499.170
2026-01-05 17:48:22.708 INFO  c.k.k.core.webui.driver.DriverFactory    - platform = Windows 11
2026-01-05 17:48:22.709 INFO  c.k.k.core.webui.driver.DriverFactory    - seleniumVersion = 4.28.1
2026-01-05 17:48:22.716 INFO  c.k.k.core.webui.driver.DriverFactory    - proxyInformation = ProxyInformation { proxyOption=NO_PROXY, proxyServerType=HTTP, username=, password=********, proxyServerAddress=, proxyServerPort=0, executionList="", isApplyToDesiredCapabilities=true }
2026-01-05 17:48:28.464 DEBUG testcase.Login_mxn                       - 3: maximizeWindow()
2026-01-05 17:48:28.536 DEBUG testcase.Login_mxn                       - 4: version = utils.DLLUtils.getVersionDLL(url)
2026-01-05 17:48:29.553 INFO  c.k.k.c.keyword.builtin.CommentKeyword   - üì¶ Versi√≥n de DLL detectada y guardada globalmente: 6.26.105.1
2026-01-05 17:48:29.555 INFO  k.k.c.m.CustomKeywordDelegatingMetaClass - utils.DLLUtils.getVersionDLL is PASSED
2026-01-05 17:48:29.559 DEBUG testcase.Login_mxn                       - 5: comment(üì¶ Versi√≥n de DLL detectada: $version)
2026-01-05 17:48:29.566 INFO  c.k.k.c.keyword.builtin.CommentKeyword   - üì¶ Versi√≥n de DLL detectada: 6.26.105.1
2026-01-05 17:48:29.571 DEBUG testcase.Login_mxn                       - 6: setText(findTestObject("Euromundo/login/input_User"), username)
2026-01-05 17:48:30.713 DEBUG testcase.Login_mxn                       - 7: setText(findTestObject("Euromundo/login/input_Pss"), password)
2026-01-05 17:48:31.472 DEBUG testcase.Login_mxn                       - 8: click(findTestObject("Euromundo/login/checkbox_TyC"))
2026-01-05 17:48:31.860 DEBUG testcase.Login_mxn                       - 9: click(findTestObject("Euromundo/login/button_Login"))
2026-01-05 17:48:32.256 DEBUG testcase.Login_mxn                       - 10: waitForElementClickable(findTestObject("Euromundo/gran_deal/repository_GD_nal/button_Search_GD"), 10)
2026-01-05 17:48:42.549 WARN  k.c.w.k.b.WaitForElementClickableKeyword - Web element with id: 'Object Repository/Euromundo/gran_deal/repository_GD_nal/button_Search_GD' located by 'By.xpath: //*[@id="packagespot-searcher"]/div[2]/div/div[1]/div[5]/button' not found
2026-01-05 17:48:42.552 INFO  c.k.katalon.core.main.TestCaseExecutor   - END CALL Test Cases/Euromundo/Login/Login_mxn
2026-01-05 17:48:42.552 INFO  c.k.katalon.core.main.TestCaseExecutor   - --------------------
2026-01-05 17:48:42.566 DEBUG t.paquete_nal_para_1adl_1cnn_canal_mxn   - 2: waitForElementClickable(findTestObject("Euromundo/paquete_basico/repository_paquete_nal/menu_paquete_basico"), 10)
2026-01-05 17:48:42.885 DEBUG t.paquete_nal_para_1adl_1cnn_canal_mxn   - 3: mouseOver(findTestObject("Euromundo/paquete_basico/repository_paquete_nal/menu_paquete_basico"))
2026-01-05 17:48:43.362 DEBUG t.paquete_nal_para_1adl_1cnn_canal_mxn   - 4: click(findTestObject("Euromundo/paquete_basico/repository_paquete_nal/select_paquete_nal"))
2026-01-05 17:48:44.427 DEBUG t.paquete_nal_para_1adl_1cnn_canal_mxn   - 5: click(findTestObject("Euromundo/book_steps/button_close_cookies"))
2026-01-05 17:48:45.377 DEBUG t.paquete_nal_para_1adl_1cnn_canal_mxn   - 6: waitForElementClickable(findTestObject("Euromundo/book_steps/input_destination_inter"), 25)
2026-01-05 17:49:10.412 WARN  k.c.w.k.b.WaitForElementClickableKeyword - Waiting for element timed out
2026-01-05 17:49:10.415 DEBUG t.paquete_nal_para_1adl_1cnn_canal_mxn   - 7: selectOptionByValue(findTestObject("Euromundo/book_steps/input_destination_inter"), "35163", true)
2026-01-05 17:49:20.464 WARN  c.k.k.c.w.k.b.SelectOptionByValueKeyword - Waiting for element timed out
2026-01-05 17:49:21.299 DEBUG t.paquete_nal_para_1adl_1cnn_canal_mxn   - 8: waitForElementClickable(findTestObject("Euromundo/book_steps/select_origin_inter"), 25)
2026-01-05 17:49:46.327 WARN  k.c.w.k.b.WaitForElementClickableKeyword - Waiting for element timed out
2026-01-05 17:49:46.343 DEBUG t.paquete_nal_para_1adl_1cnn_canal_mxn   - 9: selectOptionByValue(findTestObject("Euromundo/book_steps/select_origin_inter"), "35908", true)
2026-01-05 17:49:56.394 WARN  c.k.k.c.w.k.b.SelectOptionByValueKeyword - Waiting for element timed out
2026-01-05 17:49:57.325 DEBUG t.paquete_nal_para_1adl_1cnn_canal_mxn   - 10: waitForElementClickable(findTestObject("Euromundo/book_steps/origin_date_inter"), 25)
2026-01-05 17:49:58.914 DEBUG t.paquete_nal_para_1adl_1cnn_canal_mxn   - 11: utils.FechaUtils.setFechaAleatoriaDesdeTresMesesFuturo("Euromundo/book_steps/origin_date_inter")
2026-01-05 17:50:00.141 INFO  c.k.k.c.keyword.builtin.CommentKeyword   - üìÖ Fecha aleatoria entre 3 y 4 meses: 05/04/2026
2026-01-05 17:50:00.142 INFO  k.k.c.m.CustomKeywordDelegatingMetaClass - utils.FechaUtils.setFechaAleatoriaDesdeTresMesesFuturo is PASSED
2026-01-05 17:50:00.143 DEBUG t.paquete_nal_para_1adl_1cnn_canal_mxn   - 12: waitForElementClickable(findTestObject("Euromundo/widget/set_rooms_pax_inter"), 25)
2026-01-05 17:50:00.505 DEBUG t.paquete_nal_para_1adl_1cnn_canal_mxn   - 13: helpers.WebUIHelper.safeClick(findTestObject("Euromundo/widget/set_rooms_pax_inter"))
2026-01-05 17:50:02.419 INFO  k.k.c.m.CustomKeywordDelegatingMetaClass - helpers.WebUIHelper.safeClick is PASSED
2026-01-05 17:50:02.421 DEBUG t.paquete_nal_para_1adl_1cnn_canal_mxn   - 14: habitaciones = 1
2026-01-05 17:50:02.421 DEBUG t.paquete_nal_para_1adl_1cnn_canal_mxn   - 15: adultos = [1]
2026-01-05 17:50:02.425 DEBUG t.paquete_nal_para_1adl_1cnn_canal_mxn   - 16: ninos = [1]
2026-01-05 17:50:02.428 DEBUG t.paquete_nal_para_1adl_1cnn_canal_mxn   - 17: infantes = [0]
2026-01-05 17:50:02.432 DEBUG t.paquete_nal_para_1adl_1cnn_canal_mxn   - 18: edadesNinos =  }).collect({ -> ... })
2026-01-05 17:50:02.451 DEBUG t.paquete_nal_para_1adl_1cnn_canal_mxn   - 19: edadesInfantes =  }).collect({ -> ... })
2026-01-05 17:50:02.462 DEBUG t.paquete_nal_para_1adl_1cnn_canal_mxn   - 20: edadesNinosValidas = edadesNinos.every({ -> ... })
2026-01-05 17:50:02.485 DEBUG t.paquete_nal_para_1adl_1cnn_canal_mxn   - 21: edadesInfantesValidas = edadesInfantes.every({ -> ... })
2026-01-05 17:50:02.493 DEBUG t.paquete_nal_para_1adl_1cnn_canal_mxn   - 22: if (!(edadesNinosValidas) || !(edadesInfantesValidas))
2026-01-05 17:50:02.495 DEBUG t.paquete_nal_para_1adl_1cnn_canal_mxn   - 23: else
2026-01-05 17:50:02.497 DEBUG t.paquete_nal_para_1adl_1cnn_canal_mxn   - 1: markPassed(‚úÖ Edades v√°lidas: Ni√±os $edadesNinos, Infantes $edadesInfantes)
2026-01-05 17:50:02.512 DEBUG com.kms.katalon.core.util.KeywordUtil    - ‚úì ‚úÖ Edades v√°lidas: Ni√±os [10], Infantes []
2026-01-05 17:50:02.515 DEBUG t.paquete_nal_para_1adl_1cnn_canal_mxn   - 24: utils.configuration_rooms.configurarHabitacionesYPasajerosV2(habitaciones, adultos, ninos, infantes, edadesNinos, edadesInfantes)
2026-01-05 17:50:11.606 INFO  c.k.k.c.keyword.builtin.CommentKeyword   - üßí Edades ni√±os por habitaci√≥n: [10]
2026-01-05 17:50:11.611 INFO  c.k.k.c.keyword.builtin.CommentKeyword   - üë∂ Edades infantes por habitaci√≥n: []
2026-01-05 17:50:11.612 INFO  k.k.c.m.CustomKeywordDelegatingMetaClass - utils.configuration_rooms.configurarHabitacionesYPasajerosV2 is PASSED
2026-01-05 17:50:11.612 DEBUG t.paquete_nal_para_1adl_1cnn_canal_mxn   - 25: edadesCapturadasNinos = []
2026-01-05 17:50:11.612 DEBUG t.paquete_nal_para_1adl_1cnn_canal_mxn   - 26: edadesCapturadasInfantes = []
2026-01-05 17:50:11.618 DEBUG t.paquete_nal_para_1adl_1cnn_canal_mxn   - 27: if (ninos.sum() > 0)
2026-01-05 17:50:11.619 DEBUG t.paquete_nal_para_1adl_1cnn_canal_mxn   - 1: for ([i = 1, i <= ninos[0], (i++)])
2026-01-05 17:50:11.622 DEBUG t.paquete_nal_para_1adl_1cnn_canal_mxn   - 1: objNino = new com.kms.katalon.core.testobject.TestObject(edad_nino_$i)
2026-01-05 17:50:11.625 DEBUG t.paquete_nal_para_1adl_1cnn_canal_mxn   - 2: objNino.addProperty("xpath", EQUALS, //*[@id='select2-room-selector-1-children-age-1-$i-container'])
2026-01-05 17:50:11.627 DEBUG t.paquete_nal_para_1adl_1cnn_canal_mxn   - 3: waitForElementVisible(objNino, 5)
2026-01-05 17:50:12.162 DEBUG t.paquete_nal_para_1adl_1cnn_canal_mxn   - 4: edadTexto = getText(objNino).replaceAll("\D", "")
2026-01-05 17:50:12.525 DEBUG t.paquete_nal_para_1adl_1cnn_canal_mxn   - 5: edad = (edadTexto?.isInteger()) ? edadTexto.toInteger() : -1
2026-01-05 17:50:12.534 DEBUG t.paquete_nal_para_1adl_1cnn_canal_mxn   - 6: if (edad in (2..17))
2026-01-05 17:50:12.536 DEBUG t.paquete_nal_para_1adl_1cnn_canal_mxn   - 1: edadesCapturadasNinos.add(edad)
2026-01-05 17:50:12.540 DEBUG t.paquete_nal_para_1adl_1cnn_canal_mxn   - 2: comment(üßí Edad Ni√±o $i capturada: $edad)
2026-01-05 17:50:12.545 INFO  c.k.k.c.keyword.builtin.CommentKeyword   - üßí Edad Ni√±o 1 capturada: 10
2026-01-05 17:50:12.552 DEBUG t.paquete_nal_para_1adl_1cnn_canal_mxn   - 28: if (infantes.sum() > 0)
2026-01-05 17:50:12.556 DEBUG t.paquete_nal_para_1adl_1cnn_canal_mxn   - 29: click(findTestObject("Euromundo/book_steps/button_search_inter"))
2026-01-05 17:50:13.178 DEBUG t.paquete_nal_para_1adl_1cnn_canal_mxn   - 30: tituloObj = new com.kms.katalon.core.testobject.TestObject(tituloDinamico)
2026-01-05 17:50:13.178 DEBUG t.paquete_nal_para_1adl_1cnn_canal_mxn   - 31: tituloObj.addProperty("xpath", EQUALS, "(//div[contains(@class,'info-card__title')])[1]")
2026-01-05 17:50:13.186 DEBUG t.paquete_nal_para_1adl_1cnn_canal_mxn   - 32: waitForElementVisible(tituloObj, 20)
2026-01-05 17:50:25.410 DEBUG t.paquete_nal_para_1adl_1cnn_canal_mxn   - 33: tituloGuardado = getText(tituloObj)
2026-01-05 17:50:25.710 DEBUG t.paquete_nal_para_1adl_1cnn_canal_mxn   - 34: mejorPrecioObj = TestObject().addProperty("xpath", EQUALS, "//span[contains(@class,'bestprice__amount')]")
2026-01-05 17:50:25.726 DEBUG t.paquete_nal_para_1adl_1cnn_canal_mxn   - 35: mejorPrecio = utils.ValidacionPrecios.validarMejorPrecioEnResultados(mejorPrecioObj)
2026-01-05 17:50:26.976 INFO  com.kms.katalon.core.util.KeywordUtil    - üíæ Mejor precio capturado del texto visible: 7274.0
2026-01-05 17:50:26.976 INFO  com.kms.katalon.core.util.KeywordUtil    - ‚úÖ Validaci√≥n de mejor precio exitosa. Precio final: 7274.0
2026-01-05 17:50:26.976 INFO  k.k.c.m.CustomKeywordDelegatingMetaClass - utils.ValidacionPrecios.validarMejorPrecioEnResultados is PASSED
2026-01-05 17:50:26.976 DEBUG t.paquete_nal_para_1adl_1cnn_canal_mxn   - 36: waitForElementClickable(findTestObject("Euromundo/book_steps/button_prebook_gd_nal"), 15)
2026-01-05 17:50:27.359 DEBUG t.paquete_nal_para_1adl_1cnn_canal_mxn   - 37: click(findTestObject("Euromundo/book_steps/button_prebook_gd_nal"))
2026-01-05 17:50:32.875 DEBUG t.paquete_nal_para_1adl_1cnn_canal_mxn   - 38: waitForElementClickable(findTestObject("Euromundo/book_steps/button_finalization_prebook"), 10)
2026-01-05 17:50:33.427 DEBUG t.paquete_nal_para_1adl_1cnn_canal_mxn   - 39: policyFees = new com.kms.katalon.core.testobject.TestObject(policyFees)
2026-01-05 17:50:33.427 DEBUG t.paquete_nal_para_1adl_1cnn_canal_mxn   - 40: policyFees.addProperty("xpath", EQUALS, "//div[contains(@class,'col-sm-12') and contains(normalize-space(.),'Reserva sujeta a gastos de cancelaci√≥n')]")
2026-01-05 17:50:33.427 DEBUG t.paquete_nal_para_1adl_1cnn_canal_mxn   - 41: if (waitForElementPresent(policyFees, 5, OPTIONAL))
2026-01-05 17:50:38.645 WARN  k.k.c.w.k.b.WaitForElementPresentKeyword - Object 'policyFees' is not present after 5 second(s)
2026-01-05 17:50:38.660 DEBUG t.paquete_nal_para_1adl_1cnn_canal_mxn   - 42: else
2026-01-05 17:50:38.671 DEBUG t.paquete_nal_para_1adl_1cnn_canal_mxn   - 1: logInfo("‚úÖ No se detect√≥ pol√≠tica restrictiva, el flujo contin√∫a.")
2026-01-05 17:50:38.673 INFO  com.kms.katalon.core.util.KeywordUtil    - ‚úÖ No se detect√≥ pol√≠tica restrictiva, el flujo contin√∫a.
2026-01-05 17:50:38.675 DEBUG t.paquete_nal_para_1adl_1cnn_canal_mxn   - 43: edadesValidas = edadesCapturadasNinos.every({ -> ... }) && edadesCapturadasInfantes.every({ -> ... })
2026-01-05 17:50:38.677 DEBUG t.paquete_nal_para_1adl_1cnn_canal_mxn   - 44: if (!(edadesValidas))
2026-01-05 17:50:38.688 DEBUG t.paquete_nal_para_1adl_1cnn_canal_mxn   - 45: else
2026-01-05 17:50:38.688 DEBUG t.paquete_nal_para_1adl_1cnn_canal_mxn   - 1: utils.PassengerFormHelper.fillPassengerData(edadesCapturadasNinos, edadesCapturadasInfantes)
2026-01-05 17:50:39.445 INFO  c.k.k.c.keyword.builtin.CommentKeyword   - üßí Tratamiento MR asignado por JavaScript para pax 1
2026-01-05 17:50:39.445 INFO  c.k.k.c.keyword.builtin.CommentKeyword   - üßæ Rellenando datos para pax 1 ‚ûú Tratamiento: MR, Edad: 30
2026-01-05 17:50:39.999 ERROR k.k.c.m.CustomKeywordDelegatingMetaClass - ‚ùå Text '$ 7,274.00 MXN' could not be parsed at index 0
2026-01-05 17:50:40.009 ERROR c.k.katalon.core.main.TestCaseExecutor   - ‚ùå Test Cases/Euromundo/Paquete_Basico/paquete_nal_para_1adl_1cnn_canal_mxn FAILED.
Reason:
com.kms.katalon.core.exception.StepErrorException: java.time.format.DateTimeParseException: Text '$ 7,274.00 MXN' could not be parsed at index 0
	at com.kms.katalon.core.main.CustomKeywordDelegatingMetaClass.throwError(CustomKeywordDelegatingMetaClass.java:101)
	at com.kms.katalon.core.main.CustomKeywordDelegatingMetaClass.invokeStaticMethod(CustomKeywordDelegatingMetaClass.java:73)
	at paquete_nal_para_1adl_1cnn_canal_mxn.run(paquete_nal_para_1adl_1cnn_canal_mxn:177)
	at com.kms.katalon.core.main.ScriptEngine.run(ScriptEngine.java:194)
	at com.kms.katalon.core.main.ScriptEngine.runScriptAsRawText(ScriptEngine.java:119)
	at com.kms.katalon.core.main.TestCaseExecutor.runScript(TestCaseExecutor.java:486)
	at com.kms.katalon.core.main.TestCaseExecutor.doExecute(TestCaseExecutor.java:477)
	at com.kms.katalon.core.main.TestCaseExecutor.processExecutionPhase(TestCaseExecutor.java:456)
	at com.kms.katalon.core.main.TestCaseExecutor.accessMainPhase(TestCaseExecutor.java:448)
	at com.kms.katalon.core.main.TestCaseExecutor.execute(TestCaseExecutor.java:322)
	at com.kms.katalon.core.common.CommonExecutor.accessTestCaseMainPhase(CommonExecutor.java:71)
	at com.kms.katalon.core.main.TestSuiteExecutor.accessTestSuiteMainPhase(TestSuiteExecutor.java:145)
	at com.kms.katalon.core.main.TestSuiteExecutor.execute(TestSuiteExecutor.java:104)
	at com.kms.katalon.core.main.TestCaseMain.startTestSuite(TestCaseMain.java:205)
	at TempTestSuite1767653253740.run(TempTestSuite1767653253740.groovy:35)
	at java.base/jdk.internal.reflect.NativeMethodAccessorImpl.invoke0(Native Method)
	at java.base/jdk.internal.reflect.NativeMethodAccessorImpl.invoke(NativeMethodAccessorImpl.java:77)
	at java.base/jdk.internal.reflect.DelegatingMethodAccessorImpl.invoke(DelegatingMethodAccessorImpl.java:43)
Caused by: java.time.format.DateTimeParseException: Text '$ 7,274.00 MXN' could not be parsed at index 0
	at utils.PassengerFormHelper.generarFechaNacimientoDesdeEdad(PassengerFormHelper.groovy:171)
	at java.base/jdk.internal.reflect.NativeMethodAccessorImpl.invoke0(Native Method)
	at java.base/jdk.internal.reflect.NativeMethodAccessorImpl.invoke(NativeMethodAccessorImpl.java:77)
	at java.base/jdk.internal.reflect.DelegatingMethodAccessorImpl.invoke(DelegatingMethodAccessorImpl.java:43)
	at utils.PassengerFormHelper.completarDatosPasajero(PassengerFormHelper.groovy:120)
	at java.base/jdk.internal.reflect.NativeMethodAccessorImpl.invoke0(Native Method)
	at java.base/jdk.internal.reflect.NativeMethodAccessorImpl.invoke(NativeMethodAccessorImpl.java:77)
	at java.base/jdk.internal.reflect.DelegatingMethodAccessorImpl.invoke(DelegatingMethodAccessorImpl.java:43)
	at utils.PassengerFormHelper.fillPassengerData(PassengerFormHelper.groovy:113)
	at java.base/jdk.internal.reflect.NativeMethodAccessorImpl.invoke0(Native Method)
	at java.base/jdk.internal.reflect.NativeMethodAccessorImpl.invoke(NativeMethodAccessorImpl.java:77)
	at java.base/jdk.internal.reflect.DelegatingMethodAccessorImpl.invoke(DelegatingMethodAccessorImpl.java:43)
	at com.kms.katalon.core.main.CustomKeywordDelegatingMetaClass.invokeStaticMethod(CustomKeywordDelegatingMetaClass.java:55)
	... 16 more

2026-01-05 17:50:40.013 ERROR c.k.katalon.core.main.TestCaseExecutor   - ‚ùå Test Cases/Euromundo/Paquete_Basico/paquete_nal_para_1adl_1cnn_canal_mxn FAILED.
Reason:
java.time.format.DateTimeParseException: Text '$ 7,274.00 MXN' could not be parsed at index 0
	at utils.PassengerFormHelper.generarFechaNacimientoDesdeEdad(PassengerFormHelper.groovy:171)
	at java.base/jdk.internal.reflect.NativeMethodAccessorImpl.invoke0(Native Method)
	at java.base/jdk.internal.reflect.NativeMethodAccessorImpl.invoke(NativeMethodAccessorImpl.java:77)
	at java.base/jdk.internal.reflect.DelegatingMethodAccessorImpl.invoke(DelegatingMethodAccessorImpl.java:43)
	at utils.PassengerFormHelper.completarDatosPasajero(PassengerFormHelper.groovy:120)
	at java.base/jdk.internal.reflect.NativeMethodAccessorImpl.invoke0(Native Method)
	at java.base/jdk.internal.reflect.NativeMethodAccessorImpl.invoke(NativeMethodAccessorImpl.java:77)
	at java.base/jdk.internal.reflect.DelegatingMethodAccessorImpl.invoke(DelegatingMethodAccessorImpl.java:43)
	at utils.PassengerFormHelper.fillPassengerData(PassengerFormHelper.groovy:113)
	at java.base/jdk.internal.reflect.NativeMethodAccessorImpl.invoke0(Native Method)
	at java.base/jdk.internal.reflect.NativeMethodAccessorImpl.invoke(NativeMethodAccessorImpl.java:77)
	at java.base/jdk.internal.reflect.DelegatingMethodAccessorImpl.invoke(DelegatingMethodAccessorImpl.java:43)
	at com.kms.katalon.core.main.CustomKeywordDelegatingMetaClass.invokeStaticMethod(CustomKeywordDelegatingMetaClass.java:55)
	at paquete_nal_para_1adl_1cnn_canal_mxn.run(paquete_nal_para_1adl_1cnn_canal_mxn:177)
	at com.kms.katalon.core.main.ScriptEngine.run(ScriptEngine.java:194)
	at com.kms.katalon.core.main.ScriptEngine.runScriptAsRawText(ScriptEngine.java:119)
	at com.kms.katalon.core.main.TestCaseExecutor.runScript(TestCaseExecutor.java:486)
	at com.kms.katalon.core.main.TestCaseExecutor.doExecute(TestCaseExecutor.java:477)
	at com.kms.katalon.core.main.TestCaseExecutor.processExecutionPhase(TestCaseExecutor.java:456)
	at com.kms.katalon.core.main.TestCaseExecutor.accessMainPhase(TestCaseExecutor.java:448)
	at com.kms.katalon.core.main.TestCaseExecutor.execute(TestCaseExecutor.java:322)
	at com.kms.katalon.core.common.CommonExecutor.accessTestCaseMainPhase(CommonExecutor.java:71)
	at com.kms.katalon.core.main.TestSuiteExecutor.accessTestSuiteMainPhase(TestSuiteExecutor.java:145)
	at com.kms.katalon.core.main.TestSuiteExecutor.execute(TestSuiteExecutor.java:104)
	at com.kms.katalon.core.main.TestCaseMain.startTestSuite(TestCaseMain.java:205)
	at TempTestSuite1767653253740.run(TempTestSuite1767653253740.groovy:35)
	at java.base/jdk.internal.reflect.NativeMethodAccessorImpl.invoke0(Native Method)
	at java.base/jdk.internal.reflect.NativeMethodAccessorImpl.invoke(NativeMethodAccessorImpl.java:77)
	at java.base/jdk.internal.reflect.DelegatingMethodAccessorImpl.invoke(DelegatingMethodAccessorImpl.java:43)

2026-01-05 17:50:41.333 INFO  c.kms.katalon.core.webui.util.FileUtil   - 0 hidden object(s)
2026-01-05 17:50:41.760 INFO  c.k.k.c.keyword.builtin.CommentKeyword   - üì∏ Captura final guardada en: C:/TempSourceSafe/Katalon Studio/Katalon Websites/Euromundo/Capturas/Test_Suites_Stabilization_Testing_stabilization_test_2ADL_1CNN_20260105_174817/Fin_Test_Cases_Euromundo_Paquete_Basico_paquete_nal_para_1adl_1cnn_canal_mxn.png
2026-01-05 17:50:41.767 INFO  c.k.k.c.keyword.builtin.CommentKeyword   - <img src='C:/TempSourceSafe/Katalon Studio/Katalon Websites/Euromundo/Capturas/Test_Suites_Stabilization_Testing_stabilization_test_2ADL_1CNN_20260105_174817/Fin_Test_Cases_Euromundo_Paquete_Basico_paquete_nal_para_1adl_1cnn_canal_mxn.png' width='800'/>
2026-01-05 17:50:45.043 WARN  c.k.k.core.keyword.internal.KeywordMain  - com.kms.katalon.core.webui.exception.WebElementNotFoundException: Web element with id: 'localizadorReserva' located by 'By.xpath: //h4[contains(@class,'booking-details__booking-code')]' not found (Root cause: com.kms.katalon.core.exception.StepFailedException: com.kms.katalon.core.webui.exception.WebElementNotFoundException: Web element with id: 'localizadorReserva' located by 'By.xpath: //h4[contains(@class,'booking-details__booking-code')]' not found
	at com.kms.katalon.core.webui.keyword.internal.WebUIKeywordMain.stepFailed(WebUIKeywordMain.groovy:175)
	at com.kms.katalon.core.webui.keyword.builtin.VerifyElementPresentKeyword$_verifyElementPresent_closure1.doCall(VerifyElementPresentKeyword.groovy:88)
	at com.kms.katalon.core.webui.keyword.builtin.VerifyElementPresentKeyword$_verifyElementPresent_closure1.call(VerifyElementPresentKeyword.groovy)
	at com.kms.katalon.core.webui.keyword.internal.WebUIKeywordMain.runKeyword(WebUIKeywordMain.groovy:41)
	at com.kms.katalon.core.webui.keyword.builtin.VerifyElementPresentKeyword.verifyElementPresent(VerifyElementPresentKeyword.groovy:95)
	at com.kms.katalon.core.webui.keyword.builtin.VerifyElementPresentKeyword.execute(VerifyElementPresentKeyword.groovy:68)
	at com.kms.katalon.core.keyword.internal.KeywordExecutor.executeKeywordForPlatform(KeywordExecutor.groovy:79)
	at com.kms.katalon.core.webui.keyword.WebUiBuiltInKeywords.verifyElementPresent(WebUiBuiltInKeywords.groovy:1549)
	at Listener_LocalizadorReserva.capturarLocalizador(Listener_Localizador.groovy:27)
	at java.base/jdk.internal.reflect.NativeMethodAccessorImpl.invoke0(Native Method)
	at java.base/jdk.internal.reflect.NativeMethodAccessorImpl.invoke(NativeMethodAccessorImpl.java:77)
	at java.base/jdk.internal.reflect.DelegatingMethodAccessorImpl.invoke(DelegatingMethodAccessorImpl.java:43)
	at com.kms.katalon.core.context.internal.TestHooker.invokeMethod(TestHooker.java:111)
	at com.kms.katalon.core.context.internal.TestHooker.lambda$3(TestHooker.java:95)
	at com.kms.katalon.core.context.internal.TestHooker.invokeContextMethods(TestHooker.java:94)
	at com.kms.katalon.core.context.internal.TestListenerCollector.lambda$3(TestListenerCollector.java:88)
	at com.kms.katalon.core.context.internal.TestListenerCollector.handleListenerEvent(TestListenerCollector.java:85)
	at com.kms.katalon.core.context.internal.ExecutionEventManager.publicEvent(ExecutionEventManager.java:36)
	at com.kms.katalon.core.main.TestCaseExecutor.execute(TestCaseExecutor.java:352)
	at com.kms.katalon.core.common.CommonExecutor.accessTestCaseMainPhase(CommonExecutor.java:71)
	at com.kms.katalon.core.main.TestSuiteExecutor.accessTestSuiteMainPhase(TestSuiteExecutor.java:145)
	at com.kms.katalon.core.main.TestSuiteExecutor.execute(TestSuiteExecutor.java:104)
	at com.kms.katalon.core.main.TestCaseMain.startTestSuite(TestCaseMain.java:205)
	at TempTestSuite1767653253740.run(TempTestSuite1767653253740.groovy:35)
	at java.base/jdk.internal.reflect.NativeMethodAccessorImpl.invoke0(Native Method)
	at java.base/jdk.internal.reflect.NativeMethodAccessorImpl.invoke(NativeMethodAccessorImpl.java:77)
	at java.base/jdk.internal.reflect.DelegatingMethodAccessorImpl.invoke(DelegatingMethodAccessorImpl.java:43)
)
2026-01-05 17:50:48.287 WARN  c.k.k.core.keyword.internal.KeywordMain  - com.kms.katalon.core.webui.exception.WebElementNotFoundException: Web element with id: 'localizadorGenerico' located by 'By.xpath: //*[contains(translate(text(),'LOCALIZADOR','localizador'),'localizador:')]' not found (Root cause: com.kms.katalon.core.exception.StepFailedException: com.kms.katalon.core.webui.exception.WebElementNotFoundException: Web element with id: 'localizadorGenerico' located by 'By.xpath: //*[contains(translate(text(),'LOCALIZADOR','localizador'),'localizador:')]' not found
	at com.kms.katalon.core.webui.keyword.internal.WebUIKeywordMain.stepFailed(WebUIKeywordMain.groovy:175)
	at com.kms.katalon.core.webui.keyword.builtin.VerifyElementPresentKeyword$_verifyElementPresent_closure1.doCall(VerifyElementPresentKeyword.groovy:88)
	at com.kms.katalon.core.webui.keyword.builtin.VerifyElementPresentKeyword$_verifyElementPresent_closure1.call(VerifyElementPresentKeyword.groovy)
	at com.kms.katalon.core.webui.keyword.internal.WebUIKeywordMain.runKeyword(WebUIKeywordMain.groovy:41)
	at com.kms.katalon.core.webui.keyword.builtin.VerifyElementPresentKeyword.verifyElementPresent(VerifyElementPresentKeyword.groovy:95)
	at com.kms.katalon.core.webui.keyword.builtin.VerifyElementPresentKeyword.execute(VerifyElementPresentKeyword.groovy:68)
	at com.kms.katalon.core.keyword.internal.KeywordExecutor.executeKeywordForPlatform(KeywordExecutor.groovy:79)
	at com.kms.katalon.core.webui.keyword.WebUiBuiltInKeywords.verifyElementPresent(WebUiBuiltInKeywords.groovy:1549)
	at Listener_LocalizadorReserva.capturarLocalizador(Listener_Localizador.groovy:39)
	at java.base/jdk.internal.reflect.NativeMethodAccessorImpl.invoke0(Native Method)
	at java.base/jdk.internal.reflect.NativeMethodAccessorImpl.invoke(NativeMethodAccessorImpl.java:77)
	at java.base/jdk.internal.reflect.DelegatingMethodAccessorImpl.invoke(DelegatingMethodAccessorImpl.java:43)
	at com.kms.katalon.core.context.internal.TestHooker.invokeMethod(TestHooker.java:111)
	at com.kms.katalon.core.context.internal.TestHooker.lambda$3(TestHooker.java:95)
	at com.kms.katalon.core.context.internal.TestHooker.invokeContextMethods(TestHooker.java:94)
	at com.kms.katalon.core.context.internal.TestListenerCollector.lambda$3(TestListenerCollector.java:88)
	at com.kms.katalon.core.context.internal.TestListenerCollector.handleListenerEvent(TestListenerCollector.java:85)
	at com.kms.katalon.core.context.internal.ExecutionEventManager.publicEvent(ExecutionEventManager.java:36)
	at com.kms.katalon.core.main.TestCaseExecutor.execute(TestCaseExecutor.java:352)
	at com.kms.katalon.core.common.CommonExecutor.accessTestCaseMainPhase(CommonExecutor.java:71)
	at com.kms.katalon.core.main.TestSuiteExecutor.accessTestSuiteMainPhase(TestSuiteExecutor.java:145)
	at com.kms.katalon.core.main.TestSuiteExecutor.execute(TestSuiteExecutor.java:104)
	at com.kms.katalon.core.main.TestCaseMain.startTestSuite(TestCaseMain.java:205)
	at TempTestSuite1767653253740.run(TempTestSuite1767653253740.groovy:35)
	at java.base/jdk.internal.reflect.NativeMethodAccessorImpl.invoke0(Native Method)
	at java.base/jdk.internal.reflect.NativeMethodAccessorImpl.invoke(NativeMethodAccessorImpl.java:77)
	at java.base/jdk.internal.reflect.DelegatingMethodAccessorImpl.invoke(DelegatingMethodAccessorImpl.java:43)
)
2026-01-05 17:50:48.315 INFO  c.k.k.c.keyword.builtin.CommentKeyword   - ‚ö†Ô∏è No se detect√≥ localizador en el escenario actual.
2026-01-05 17:50:52.443 INFO  c.kms.katalon.core.webui.util.FileUtil   - 0 hidden object(s)
